<?xml version="1.0" encoding="UTF-8"?>
<!-- Generated by org.testng.reporters.JUnitXMLReporter -->
<testsuite ignored="0" name="Test" tests="6" failures="0" timestamp="08 Nov 2017 12:10:20 GMT" time="16.578" errors="0">
  <testcase name="ringsmethod" time="4.06" classname="com.bluestone.script.ringstest"/>
  <testcase name="engagementmethod" time="2.952" classname="com.bluestone.script.engagementtest"/>
  <testcase name="buynowmethod" time="3.855" classname="com.bluestone.script.selectsizetest"/>
  <testcase name="shopingmethod" time="2.07" classname="com.bluestone.script.shopingbagtest"/>
  <testcase name="account" time="2.107" classname="com.bluestone.script.accountdetailstest"/>
  <testcase name="shippingmethod" time="1.493" classname="com.bluestone.script.shippingdetailstest"/>
</testsuite> <!-- Test -->
