<?xml version="1.0" encoding="UTF-8"?>
<testng-results skipped="0" failed="0" ignored="0" total="6" passed="6">
  <reporter-output>
    <line>
      <![CDATA[application opned]]>
    </line>
    <line>
      <![CDATA[mousehover on rings tab1]]>
    </line>
    <line>
      <![CDATA[engagement tab has been clicke]]>
    </line>
    <line>
      <![CDATA[title is present]]>
    </line>
    <line>
      <![CDATA[click on image]]>
    </line>
    <line>
      <![CDATA[size of the ring is selected]]>
    </line>
    <line>
      <![CDATA[size of the ring is selected and click on the buy now button]]>
    </line>
    <line>
      <![CDATA[total is verified]]>
    </line>
    <line>
      <![CDATA[item is added to cart]]>
    </line>
    <line>
      <![CDATA[clicked on placeorder]]>
    </line>
    <line>
      <![CDATA[mail id is entered]]>
    </line>
    <line>
      <![CDATA[name is entered]]>
    </line>
    <line>
      <![CDATA[phonenumer is entered]]>
    </line>
    <line>
      <![CDATA[clicked on button]]>
    </line>
    <line>
      <![CDATA[pincode is entered]]>
    </line>
    <line>
      <![CDATA[phonenumber is is entered]]>
    </line>
    <line>
      <![CDATA[Address is entered]]>
    </line>
    <line>
      <![CDATA[city is entered]]>
    </line>
  </reporter-output>
  <suite name="Suite" duration-ms="16578" started-at="2017-11-08T12:10:03Z" finished-at="2017-11-08T12:10:20Z">
    <groups>
    </groups>
    <test name="Test" duration-ms="16578" started-at="2017-11-08T12:10:03Z" finished-at="2017-11-08T12:10:20Z">
      <class name="com.bluestone.script.selectsizetest">
        <test-method status="PASS" signature="buynowmethod()[pri:3, instance:com.bluestone.script.selectsizetest@57fffcd7]" name="buynowmethod" duration-ms="3855" started-at="2017-11-08T17:40:10Z" finished-at="2017-11-08T17:40:14Z">
          <reporter-output>
            <line>
              <![CDATA[size of the ring is selected]]>
            </line>
            <line>
              <![CDATA[size of the ring is selected and click on the buy now button]]>
            </line>
          </reporter-output>
        </test-method> <!-- buynowmethod -->
      </class> <!-- com.bluestone.script.selectsizetest -->
      <class name="com.bluestone.script.ringstest">
        <test-method status="PASS" signature="ringsmethod()[pri:1, instance:com.bluestone.script.ringstest@31ef45e3]" name="ringsmethod" duration-ms="4060" started-at="2017-11-08T17:40:03Z" finished-at="2017-11-08T17:40:07Z">
          <reporter-output>
            <line>
              <![CDATA[mousehover on rings tab1]]>
            </line>
            <line>
              <![CDATA[engagement tab has been clicke]]>
            </line>
            <line>
              <![CDATA[title is present]]>
            </line>
          </reporter-output>
        </test-method> <!-- ringsmethod -->
      </class> <!-- com.bluestone.script.ringstest -->
      <class name="com.bluestone.script.shippingdetailstest">
        <test-method status="PASS" signature="shippingmethod()[pri:6, instance:com.bluestone.script.shippingdetailstest@13deb50e]" name="shippingmethod" duration-ms="1493" started-at="2017-11-08T17:40:18Z" finished-at="2017-11-08T17:40:20Z">
          <reporter-output>
            <line>
              <![CDATA[pincode is entered]]>
            </line>
            <line>
              <![CDATA[phonenumber is is entered]]>
            </line>
            <line>
              <![CDATA[Address is entered]]>
            </line>
            <line>
              <![CDATA[city is entered]]>
            </line>
          </reporter-output>
        </test-method> <!-- shippingmethod -->
      </class> <!-- com.bluestone.script.shippingdetailstest -->
      <class name="com.bluestone.generic.suitelevel">
        <test-method status="PASS" signature="openapplication()[pri:0, instance:com.bluestone.generic.suitelevel@f6c48ac]" name="openapplication" is-config="true" duration-ms="9455" started-at="2017-11-08T17:39:54Z" finished-at="2017-11-08T17:40:03Z">
          <reporter-output>
            <line>
              <![CDATA[application opned]]>
            </line>
          </reporter-output>
        </test-method> <!-- openapplication -->
        <test-method status="PASS" signature="closeapplication()[pri:0, instance:com.bluestone.generic.suitelevel@f6c48ac]" name="closeapplication" is-config="true" duration-ms="178" started-at="2017-11-08T17:40:20Z" finished-at="2017-11-08T17:40:20Z">
          <reporter-output>
          </reporter-output>
        </test-method> <!-- closeapplication -->
      </class> <!-- com.bluestone.generic.suitelevel -->
      <class name="com.bluestone.script.accountdetailstest">
        <test-method status="PASS" signature="account()[pri:5, instance:com.bluestone.script.accountdetailstest@598067a5]" name="account" duration-ms="2107" started-at="2017-11-08T17:40:16Z" finished-at="2017-11-08T17:40:18Z">
          <reporter-output>
            <line>
              <![CDATA[mail id is entered]]>
            </line>
            <line>
              <![CDATA[name is entered]]>
            </line>
            <line>
              <![CDATA[phonenumer is entered]]>
            </line>
            <line>
              <![CDATA[clicked on button]]>
            </line>
          </reporter-output>
        </test-method> <!-- account -->
      </class> <!-- com.bluestone.script.accountdetailstest -->
      <class name="com.bluestone.script.engagementtest">
        <test-method status="PASS" signature="engagementmethod()[pri:2, instance:com.bluestone.script.engagementtest@3abbfa04]" name="engagementmethod" duration-ms="2952" started-at="2017-11-08T17:40:07Z" finished-at="2017-11-08T17:40:10Z">
          <reporter-output>
            <line>
              <![CDATA[click on image]]>
            </line>
          </reporter-output>
        </test-method> <!-- engagementmethod -->
      </class> <!-- com.bluestone.script.engagementtest -->
      <class name="com.bluestone.script.shopingbagtest">
        <test-method status="PASS" signature="shopingmethod()[pri:4, instance:com.bluestone.script.shopingbagtest@239963d8]" name="shopingmethod" duration-ms="2070" started-at="2017-11-08T17:40:14Z" finished-at="2017-11-08T17:40:16Z">
          <reporter-output>
            <line>
              <![CDATA[total is verified]]>
            </line>
            <line>
              <![CDATA[item is added to cart]]>
            </line>
            <line>
              <![CDATA[clicked on placeorder]]>
            </line>
          </reporter-output>
        </test-method> <!-- shopingmethod -->
      </class> <!-- com.bluestone.script.shopingbagtest -->
    </test> <!-- Test -->
  </suite> <!-- Suite -->
</testng-results>
